java -cp ../bin edu.jhu.nick.cs335.hw4.RunDecisionTree  splice gain evolutionary
Generating random decision trees..
Generated random decision tree 0
Generated random decision tree 1
Generated random decision tree 2
Generated random decision tree 3
Generated random decision tree 4
Generated random decision tree 5
Generated random decision tree 6
Generated random decision tree 7
Generated random decision tree 8
Generated random decision tree 9
Generated random decision tree 10
Generated random decision tree 11
Generated random decision tree 12
Generated random decision tree 13
Generated random decision tree 14
Generated random decision tree 15
Generated random decision tree 16
Generated random decision tree 17
Generated random decision tree 18
Generated random decision tree 19
Generated random decision tree 20
Generated random decision tree 21
Generated random decision tree 22
Generated random decision tree 23
Generated random decision tree 24
Generated random decision tree 25
Generated random decision tree 26
Generated random decision tree 27
Generated random decision tree 28
Generated random decision tree 29
Generated random decision tree 30
Generated random decision tree 31
Generated random decision tree 32
Generated random decision tree 33
Generated random decision tree 34
Generated random decision tree 35
Generated random decision tree 36
Generated random decision tree 37
Generated random decision tree 38
Generated random decision tree 39
Generated random decision tree 40
Generated random decision tree 41
Generated random decision tree 42
Generated random decision tree 43
Generated random decision tree 44
Generated random decision tree 45
Generated random decision tree 46
Generated random decision tree 47
Generated random decision tree 48
Generated random decision tree 49
Finished generating random decision trees
Generation 1
Generation 2
Generation 3
Generation 4
Generation 5
Generation 6
Generation 7
Generation 8
Generation 9
Generation 10
Generation 11
Generation 12
Generation 13
Generation 14
Generation 15
Generation 16
Generation 17
Generation 18
Generation 19
Generation 20
Generation 21
Generation 22
Generation 23
Generation 24
Generation 25
Generation 26
Generation 27
Generation 28
Generation 29
Generation 30
Generation 31
Generation 32
Generation 33
Generation 34
Generation 35
Generation 36
Generation 37
Generation 38
Generation 39
Generation 40
Generation 41
Generation 42
Generation 43
Generation 44
Generation 45
Generation 46
Generation 47
Generation 48
Generation 49
Generation 50
Generation 51
Generation 52
Generation 53
Generation 54
Generation 55
Generation 56
Generation 57
Generation 58
Generation 59
Generation 60
Generation 61
Generation 62
Generation 63
Generation 64
Generation 65
Generation 66
Generation 67
Generation 68
Generation 69
Generation 70
Generation 71
Generation 72
Generation 73
Generation 74
Generation 75
Generation 76
Generation 77
Generation 78
Generation 79
Generation 80
Generation 81
Generation 82
Generation 83
Generation 84
Generation 85
Generation 86
Generation 87
Generation 88
Generation 89
Generation 90
Generation 91
Generation 92
Generation 93
Generation 94
Generation 95
Generation 96
Generation 97
Generation 98
Generation 99
Generation 100
Generation 101
Generation 102
Generation 103
Generation 104
Generation 105
Generation 106
Generation 107
Generation 108
Generation 109
Generation 110
Generation 111
Generation 112
Generation 113
Generation 114
Generation 115
Generation 116
Generation 117
Generation 118
Generation 119
Generation 120
Generation 121
Generation 122
Generation 123
Generation 124
Generation 125
Generation 126
Generation 127
Generation 128
Generation 129
Generation 130
Generation 131
Generation 132
Generation 133
Generation 134
Generation 135
Generation 136
Generation 137
Generation 138
Generation 139
Generation 140
Generation 141
Generation 142
Generation 143
Generation 144
Generation 145
Generation 146
Generation 147
Generation 148
Generation 149
Generation 150
Generation 151
Generation 152
Generation 153
Generation 154
Generation 155
Generation 156
Generation 157
Generation 158
Generation 159
Generation 160
Generation 161
Generation 162
Generation 163
Generation 164
Generation 165
Generation 166
Generation 167
Generation 168
Generation 169
Generation 170
Generation 171
Generation 172
Generation 173
Generation 174
Generation 175
Generation 176
Generation 177
Generation 178
Generation 179
Generation 180
Generation 181
Generation 182
Generation 183
Generation 184
Generation 185
Generation 186
Generation 187
Generation 188
Generation 189
Generation 190
Generation 191
Generation 192
Generation 193
Generation 194
Generation 195
Generation 196
Generation 197
Generation 198
Generation 199
Generation 200
Generation 201
Generation 202
Generation 203
Generation 204
Generation 205
Generation 206
Generation 207
Generation 208
Generation 209
Generation 210
Generation 211
Generation 212
Generation 213
Generation 214
Generation 215
Generation 216
Generation 217
Generation 218
Generation 219
Generation 220
Generation 221
Generation 222
Generation 223
Generation 224
Generation 225
Generation 226
Generation 227
Generation 228
Generation 229
Generation 230
Generation 231
Generation 232
Generation 233
Generation 234
Generation 235
Generation 236
Generation 237
Generation 238
Generation 239
Generation 240
Generation 241
Generation 242
Generation 243
Generation 244
Generation 245
Generation 246
Generation 247
Generation 248
Generation 249
Generation 250
Generation 251
Generation 252
Generation 253
Generation 254
Generation 255
Generation 256
Generation 257
Generation 258
Generation 259
Generation 260
Generation 261
Generation 262
Generation 263
Generation 264
Generation 265
Generation 266
Generation 267
Generation 268
Generation 269
Generation 270
Generation 271
Generation 272
Generation 273
Generation 274
Generation 275
Generation 276
Generation 277
Generation 278
Generation 279
Generation 280
Generation 281
Generation 282
Generation 283
Generation 284
Generation 285
Generation 286
Generation 287
Generation 288
Generation 289
Generation 290
Generation 291
Generation 292
Generation 293
Generation 294
Generation 295
Generation 296
Generation 297
Generation 298
Generation 299
Generation 300
Generation 301
Generation 302
Generation 303
Generation 304
Generation 305
Generation 306
Generation 307
Generation 308
Generation 309
Generation 310
Generation 311
Generation 312
Generation 313
Generation 314
Generation 315
Generation 316
Generation 317
Generation 318
Generation 319
Generation 320
Generation 321
Generation 322
Generation 323
Generation 324
Generation 325
Generation 326
Generation 327
Generation 328
Generation 329
Generation 330
Generation 331
Generation 332
Generation 333
Generation 334
Generation 335
Generation 336
Generation 337
Generation 338
Generation 339
Generation 340
Generation 341
Generation 342
Generation 343
Generation 344
Generation 345
Generation 346
Generation 347
Generation 348
Generation 349
Generation 350
Generation 351
Generation 352
Generation 353
Generation 354
Generation 355
Generation 356
Generation 357
Generation 358
Generation 359
Generation 360
Generation 361
Generation 362
Generation 363
Generation 364
Generation 365
Generation 366
Generation 367
Generation 368
Generation 369
Generation 370
Generation 371
Generation 372
Generation 373
Generation 374
Generation 375
Generation 376
Generation 377
Generation 378
Generation 379
Generation 380
Generation 381
Generation 382
Generation 383
Generation 384
Generation 385
Generation 386
Generation 387
Generation 388
Generation 389
Generation 390
Generation 391
Generation 392
Generation 393
Generation 394
Generation 395
Generation 396
Generation 397
Generation 398
Generation 399
Generation 400
Generation 401
Generation 402
Generation 403
Generation 404
Generation 405
Generation 406
Generation 407
Generation 408
Generation 409
Generation 410
Generation 411
Generation 412
Generation 413
Generation 414
Generation 415
Generation 416
Generation 417
Generation 418
Generation 419
Generation 420
Generation 421
Generation 422
Generation 423
Generation 424
Generation 425
Generation 426
Generation 427
Generation 428
Generation 429
Generation 430
Generation 431
Generation 432
Generation 433
Generation 434
Generation 435
Generation 436
Generation 437
Generation 438
Generation 439
Generation 440
Generation 441
Generation 442
Generation 443
Generation 444
Generation 445
Generation 446
Generation 447
Generation 448
Generation 449
Generation 450
Generation 451
Generation 452
Generation 453
Generation 454
Generation 455
Generation 456
Generation 457
Generation 458
Generation 459
Generation 460
Generation 461
Generation 462
Generation 463
Generation 464
Generation 465
Generation 466
Generation 467
Generation 468
Generation 469
Generation 470
Generation 471
Generation 472
Generation 473
Generation 474
Generation 475
Generation 476
Generation 477
Generation 478
Generation 479
Generation 480
Generation 481
Generation 482
Generation 483
Generation 484
Generation 485
Generation 486
Generation 487
Generation 488
Generation 489
Generation 490
Generation 491
Generation 492
Generation 493
Generation 494
Generation 495
Generation 496
Generation 497
Generation 498
Generation 499
Generation 500
Generation 501
Generation 502
Generation 503
Generation 504
Generation 505
Generation 506
Generation 507
Generation 508
Generation 509
Generation 510
Generation 511
Generation 512
Generation 513
Generation 514
Generation 515
Generation 516
Generation 517
Generation 518
Generation 519
Generation 520
Generation 521
Generation 522
Generation 523
Generation 524
Generation 525
Generation 526
Generation 527
Generation 528
Generation 529
Generation 530
Generation 531
Generation 532
Generation 533
Generation 534
Generation 535
Generation 536
Generation 537
Generation 538
Generation 539
Generation 540
Generation 541
Generation 542
Generation 543
Generation 544
Generation 545
Generation 546
Generation 547
Generation 548
Generation 549
Generation 550
Generation 551
Generation 552
Generation 553
Generation 554
Generation 555
Generation 556
Generation 557
Generation 558
Generation 559
Generation 560
Generation 561
Generation 562
Generation 563
Generation 564
Generation 565
Generation 566
Generation 567
Generation 568
Generation 569
Generation 570
Generation 571
Generation 572
Generation 573
Generation 574
Generation 575
Generation 576
Generation 577
Generation 578
Generation 579
Generation 580
Generation 581
Generation 582
Generation 583
Generation 584
Generation 585
Generation 586
Generation 587
Generation 588
Generation 589
Generation 590
Generation 591
Generation 592
Generation 593
Generation 594
Generation 595
Generation 596
Generation 597
Generation 598
Generation 599
Generation 600
Generation 601
Generation 602
Generation 603
Generation 604
Generation 605
Generation 606
Generation 607
Generation 608
Generation 609
Generation 610
Generation 611
Generation 612
Generation 613
Generation 614
Generation 615
Generation 616
Generation 617
Generation 618
Generation 619
Generation 620
Generation 621
Generation 622
Generation 623
Generation 624
Generation 625
Generation 626
Generation 627
Generation 628
Generation 629
Generation 630
Generation 631
Generation 632
Generation 633
Generation 634
Generation 635
Generation 636
Generation 637
Generation 638
Generation 639
Generation 640
Generation 641
Generation 642
Generation 643
Generation 644
Generation 645
Generation 646
Generation 647
Generation 648
Generation 649
Generation 650
Generation 651
Generation 652
Generation 653
Generation 654
Generation 655
Generation 656
Generation 657
Generation 658
Generation 659
Generation 660
Generation 661
Generation 662
Generation 663
Generation 664
Generation 665
Generation 666
Generation 667
Generation 668
Generation 669
Generation 670
Generation 671
Generation 672
Generation 673
Generation 674
Generation 675
Generation 676
Generation 677
Generation 678
Generation 679
Generation 680
Generation 681
Generation 682
Generation 683
Generation 684
Generation 685
Generation 686
Generation 687
Generation 688
Generation 689
Generation 690
Generation 691
Generation 692
Generation 693
Generation 694
Generation 695
Generation 696
Generation 697
Generation 698
Generation 699
Generation 700
Generation 701
Generation 702
Generation 703
Generation 704
Generation 705
Generation 706
Generation 707
Generation 708
Generation 709
Generation 710
Generation 711
Generation 712
Generation 713
Generation 714
Generation 715
Generation 716
Generation 717
Generation 718
Generation 719
Generation 720
Generation 721
Generation 722
Generation 723
Generation 724
Generation 725
Generation 726
Generation 727
Generation 728
Generation 729
Generation 730
Generation 731
Generation 732
Generation 733
Generation 734
Generation 735
Generation 736
Generation 737
Generation 738
Generation 739
Generation 740
Generation 741
Generation 742
Generation 743
Generation 744
Generation 745
Generation 746
Generation 747
Generation 748
Generation 749
Generation 750
Generation 751
Generation 752
Generation 753
Generation 754
Generation 755
Generation 756
Generation 757
Generation 758
Generation 759
Generation 760
Generation 761
Generation 762
Generation 763
Generation 764
Generation 765
Generation 766
Generation 767
Generation 768
Generation 769
Generation 770
Generation 771
Generation 772
Generation 773
Generation 774
Generation 775
Generation 776
Generation 777
Generation 778
Generation 779
Generation 780
Generation 781
Generation 782
Generation 783
Generation 784
Generation 785
Generation 786
Generation 787
Generation 788
Generation 789
Generation 790
Generation 791
Generation 792
Generation 793
Generation 794
Generation 795
Generation 796
Generation 797
Generation 798
Generation 799
Generation 800
Generation 801
Generation 802
Generation 803
Generation 804
Generation 805
Generation 806
Generation 807
Generation 808
Generation 809
Generation 810
Generation 811
Generation 812
Generation 813
Generation 814
Generation 815
Generation 816
Generation 817
Generation 818
Generation 819
Generation 820
Generation 821
Generation 822
Generation 823
Generation 824
Generation 825
Generation 826
Generation 827
Generation 828
Generation 829
Generation 830
Generation 831
Generation 832
Generation 833
Generation 834
Generation 835
Generation 836
Generation 837
Generation 838
Generation 839
Generation 840
Generation 841
Generation 842
Generation 843
Generation 844
Generation 845
Generation 846
Generation 847
Generation 848
Generation 849
Generation 850
Generation 851
Generation 852
Generation 853
Generation 854
Generation 855
Generation 856
Generation 857
Generation 858
Generation 859
Generation 860
Generation 861
Generation 862
Generation 863
Generation 864
Generation 865
Generation 866
Generation 867
Generation 868
Generation 869
Generation 870
Generation 871
Generation 872
Generation 873
Generation 874
Generation 875
Generation 876
Generation 877
Generation 878
Generation 879
Generation 880
Generation 881
Generation 882
Generation 883
Generation 884
Generation 885
Generation 886
Generation 887
Generation 888
Generation 889
Generation 890
Generation 891
Generation 892
Generation 893
Generation 894
Generation 895
Generation 896
Generation 897
Generation 898
Generation 899
Generation 900
Generation 901
Generation 902
Generation 903
Generation 904
Generation 905
Generation 906
Generation 907
Generation 908
Generation 909
Generation 910
Generation 911
Generation 912
Generation 913
Generation 914
Generation 915
Generation 916
Generation 917
Generation 918
Generation 919
Generation 920
Generation 921
Generation 922
Generation 923
Generation 924
Generation 925
Generation 926
Generation 927
Generation 928
Generation 929
Generation 930
Generation 931
Generation 932
Generation 933
Generation 934
Generation 935
Generation 936
Generation 937
Generation 938
Generation 939
Generation 940
Generation 941
Generation 942
Generation 943
Generation 944
Generation 945
Generation 946
Generation 947
Generation 948
Generation 949
Generation 950
Generation 951
Generation 952
Generation 953
Generation 954
Generation 955
Generation 956
Generation 957
Generation 958
Generation 959
Generation 960
Generation 961
Generation 962
Generation 963
Generation 964
Generation 965
Generation 966
Generation 967
Generation 968
Generation 969
Generation 970
Generation 971
Generation 972
Generation 973
Generation 974
Generation 975
Generation 976
Generation 977
Generation 978
Generation 979
Generation 980
Generation 981
Generation 982
Generation 983
Generation 984
Generation 985
Generation 986
Generation 987
Generation 988
Generation 989
Generation 990
Generation 991
Generation 992
Generation 993
Generation 994
Generation 995
Generation 996
Generation 997
Generation 998
Generation 999
Generation 1000
Generation 1001
Generation 1002
Generation 1003
Generation 1004
Generation 1005
Generation 1006
Generation 1007
Generation 1008
Generation 1009
Generation 1010
Generation 1011
Generation 1012
Generation 1013
Generation 1014
Generation 1015
Generation 1016
Generation 1017
Generation 1018
Generation 1019
Generation 1020
Generation 1021
Generation 1022
Generation 1023
Generation 1024
Generation 1025
Generation 1026
Generation 1027
Generation 1028
Generation 1029
Generation 1030
Generation 1031
Generation 1032
Generation 1033
Generation 1034
Generation 1035
Generation 1036
Generation 1037
Generation 1038
Generation 1039
Generation 1040
Generation 1041
Generation 1042
Generation 1043
Generation 1044
Generation 1045
Generation 1046
Generation 1047
Generation 1048
Generation 1049
Generation 1050
Generation 1051
Generation 1052
Generation 1053
Generation 1054
Generation 1055
Generation 1056
Generation 1057
Generation 1058
Generation 1059
Generation 1060
Generation 1061
Generation 1062
Generation 1063
Generation 1064
Generation 1065
Generation 1066
Generation 1067
Generation 1068
Generation 1069
Generation 1070
Generation 1071
Generation 1072
Generation 1073
Generation 1074
Generation 1075
Generation 1076
Generation 1077
Generation 1078
Generation 1079
Generation 1080
Generation 1081
Generation 1082
Generation 1083
Generation 1084
Generation 1085
Generation 1086
Generation 1087
Generation 1088
Generation 1089
Generation 1090
Generation 1091
Generation 1092
Generation 1093
Generation 1094
Generation 1095
Generation 1096
Generation 1097
Generation 1098
Generation 1099
Generation 1100
Generation 1101
Generation 1102
Generation 1103
Generation 1104
Generation 1105
Generation 1106
Generation 1107
Generation 1108
Generation 1109
Generation 1110
Generation 1111
Generation 1112
Generation 1113
Generation 1114
Generation 1115
Generation 1116
Generation 1117
Generation 1118
Generation 1119
Generation 1120
Generation 1121
Generation 1122
Generation 1123
Generation 1124
Generation 1125
Generation 1126
Generation 1127
Generation 1128
Generation 1129
Generation 1130
Generation 1131
Generation 1132
Generation 1133
Generation 1134
Generation 1135
Generation 1136
Generation 1137
Generation 1138
Generation 1139
Generation 1140
Generation 1141
Generation 1142
Generation 1143
Generation 1144
Generation 1145
Generation 1146
Generation 1147
Generation 1148
Generation 1149
Generation 1150
Generation 1151
Generation 1152
Generation 1153
Generation 1154
Generation 1155
Generation 1156
Generation 1157
Generation 1158
Generation 1159
Generation 1160
Generation 1161
Generation 1162
Generation 1163
Generation 1164
Generation 1165
Generation 1166
Generation 1167
Generation 1168
Generation 1169
Generation 1170
Generation 1171
Generation 1172
Generation 1173
Generation 1174
Generation 1175
Generation 1176
Generation 1177
Generation 1178
Generation 1179
Generation 1180
Generation 1181
Generation 1182
Generation 1183
Generation 1184
Generation 1185
Generation 1186
Generation 1187
Generation 1188
Generation 1189
Generation 1190
Generation 1191
Generation 1192
Generation 1193
Generation 1194
Generation 1195
Generation 1196
Generation 1197
Generation 1198
Generation 1199
Generation 1200
Generation 1201
Generation 1202
Generation 1203
Generation 1204
Generation 1205
Generation 1206
Generation 1207
Generation 1208
Generation 1209
Generation 1210
Generation 1211
Generation 1212
Generation 1213
Generation 1214
Generation 1215
Generation 1216
Generation 1217
Generation 1218
Generation 1219
Generation 1220
Generation 1221
Generation 1222
Generation 1223
Generation 1224
Generation 1225
Generation 1226
Generation 1227
Generation 1228
Generation 1229
Generation 1230
Generation 1231
Generation 1232
Generation 1233
Generation 1234
Generation 1235
Generation 1236
Generation 1237
Generation 1238
Generation 1239
Generation 1240
Generation 1241
Generation 1242
Generation 1243
Generation 1244
Generation 1245
Generation 1246
Generation 1247
Generation 1248
Generation 1249
Generation 1250
Generation 1251
Generation 1252
Generation 1253
Generation 1254
Generation 1255
Generation 1256
Generation 1257
Generation 1258
Generation 1259
Generation 1260
Generation 1261
Generation 1262
Generation 1263
Generation 1264
Generation 1265
Generation 1266
Generation 1267
Generation 1268
Generation 1269
Generation 1270
Generation 1271
Generation 1272
Generation 1273
Generation 1274
Generation 1275
Generation 1276
Generation 1277
Generation 1278
Generation 1279
Generation 1280
Generation 1281
Generation 1282
Generation 1283
Generation 1284
Generation 1285
Generation 1286
Generation 1287
Generation 1288
Generation 1289
Generation 1290
Generation 1291
Generation 1292
Generation 1293
Generation 1294
Generation 1295
Generation 1296
Generation 1297
Generation 1298
Generation 1299
Generation 1300
Generation 1301
Generation 1302
Generation 1303
Generation 1304
Generation 1305
Generation 1306
Generation 1307
Generation 1308
Generation 1309
Generation 1310
Generation 1311
Generation 1312
Generation 1313
Generation 1314
Generation 1315
Generation 1316
Generation 1317
Generation 1318
Generation 1319
Generation 1320
Generation 1321
Generation 1322
Generation 1323
Generation 1324
Generation 1325
Generation 1326
Generation 1327
Generation 1328
Generation 1329
Generation 1330
Generation 1331
Generation 1332
Generation 1333
Generation 1334
Generation 1335
Generation 1336
Generation 1337
Generation 1338
Generation 1339
Generation 1340
Generation 1341
Generation 1342
Generation 1343
Generation 1344
Generation 1345
Generation 1346
Generation 1347
Generation 1348
Generation 1349
Generation 1350
Generation 1351
Generation 1352
Generation 1353
Generation 1354
Generation 1355
Generation 1356
Generation 1357
Generation 1358
Generation 1359
Generation 1360
Generation 1361
Generation 1362
Generation 1363
Generation 1364
Generation 1365
Generation 1366
Generation 1367
Generation 1368
Generation 1369
Generation 1370
Generation 1371
Generation 1372
Generation 1373
Generation 1374
Generation 1375
Generation 1376
Generation 1377
Generation 1378
Generation 1379
Generation 1380
Generation 1381
Generation 1382
Generation 1383
Generation 1384
Generation 1385
Generation 1386
Generation 1387
Generation 1388
Generation 1389
Generation 1390
Generation 1391
Generation 1392
Generation 1393
Generation 1394
Generation 1395
Generation 1396
Generation 1397
Generation 1398
Generation 1399
Generation 1400
Generation 1401
Generation 1402
Generation 1403
Generation 1404
Generation 1405
Generation 1406
Generation 1407
Generation 1408
Generation 1409
Generation 1410
Generation 1411
Generation 1412
Generation 1413
Generation 1414
Generation 1415
Generation 1416
Generation 1417
Generation 1418
Generation 1419
Generation 1420
Generation 1421
Generation 1422
Generation 1423
Generation 1424
Generation 1425
Generation 1426
Generation 1427
Generation 1428
Generation 1429
Generation 1430
Generation 1431
Generation 1432
Generation 1433
Generation 1434
Generation 1435
Generation 1436
Generation 1437
Generation 1438
Generation 1439
Generation 1440
Generation 1441
Generation 1442
Generation 1443
Generation 1444
Generation 1445
Generation 1446
Generation 1447
Generation 1448
Generation 1449
Generation 1450
Generation 1451
Generation 1452
Generation 1453
Generation 1454
Generation 1455
Generation 1456
Generation 1457
Generation 1458
Generation 1459
Generation 1460
Generation 1461
Generation 1462
Generation 1463
Generation 1464
Generation 1465
Generation 1466
Generation 1467
Generation 1468
Generation 1469
Generation 1470
Generation 1471
Generation 1472
Generation 1473
Generation 1474
Generation 1475
Generation 1476
Generation 1477
Generation 1478
Generation 1479
Generation 1480
Generation 1481
Generation 1482
Generation 1483
Generation 1484
Generation 1485
Generation 1486
Generation 1487
Generation 1488
Generation 1489
Generation 1490
Generation 1491
Generation 1492
Generation 1493
Generation 1494
Generation 1495
Generation 1496
Generation 1497
Generation 1498
Generation 1499
Generation 1500
Generation 1501
Generation 1502
Generation 1503
Generation 1504
Generation 1505
Generation 1506
Generation 1507
Generation 1508
Generation 1509
Generation 1510
Generation 1511
Generation 1512
Generation 1513
Generation 1514
Generation 1515
Generation 1516
Generation 1517
Generation 1518
Generation 1519
Generation 1520
Generation 1521
Generation 1522
Generation 1523
Generation 1524
Generation 1525
Generation 1526
Generation 1527
Generation 1528
Generation 1529
Generation 1530
Generation 1531
Generation 1532
Generation 1533
Generation 1534
Generation 1535
Generation 1536
Generation 1537
Generation 1538
Generation 1539
Generation 1540
Generation 1541
Generation 1542
Generation 1543
Generation 1544
Generation 1545
Generation 1546
Generation 1547
Generation 1548
Generation 1549
Generation 1550
Generation 1551
Generation 1552
Generation 1553
Generation 1554
Generation 1555
Generation 1556
Generation 1557
Generation 1558
Generation 1559
Generation 1560
Generation 1561
Generation 1562
Generation 1563
Generation 1564
Generation 1565
Generation 1566
Generation 1567
Generation 1568
Generation 1569
Generation 1570
Generation 1571
Generation 1572
Generation 1573
Generation 1574
Generation 1575
Generation 1576
Generation 1577
Generation 1578
Generation 1579
Generation 1580
Generation 1581
Generation 1582
Generation 1583
Generation 1584
Generation 1585
Generation 1586
Generation 1587
Generation 1588
Generation 1589
Generation 1590
Generation 1591
Generation 1592
Generation 1593
Generation 1594
Generation 1595
Generation 1596
Generation 1597
Generation 1598
Generation 1599
Generation 1600
Generation 1601
Generation 1602
Generation 1603
Generation 1604
Generation 1605
Generation 1606
Generation 1607
Generation 1608
Generation 1609
Generation 1610
Generation 1611
Generation 1612
Generation 1613
Generation 1614
Generation 1615
Generation 1616
Generation 1617
Generation 1618
Generation 1619
Generation 1620
Generation 1621
Generation 1622
Generation 1623
Generation 1624
Generation 1625
Generation 1626
Generation 1627
Generation 1628
Generation 1629
Generation 1630
Generation 1631
Generation 1632
Generation 1633
Generation 1634
Generation 1635
Generation 1636
Generation 1637
Generation 1638
Generation 1639
Generation 1640
Generation 1641
Generation 1642
Generation 1643
Generation 1644
Generation 1645
Generation 1646
Generation 1647
Generation 1648
Generation 1649
Generation 1650
Generation 1651
Generation 1652
Generation 1653
Generation 1654
Generation 1655
Generation 1656
Generation 1657
Generation 1658
Generation 1659
Generation 1660
Generation 1661
Generation 1662
Generation 1663
Generation 1664
Generation 1665
Generation 1666
Generation 1667
Generation 1668
Generation 1669
Generation 1670
Generation 1671
Generation 1672
Generation 1673
Generation 1674
Generation 1675
Generation 1676
Generation 1677
Generation 1678
Generation 1679
Generation 1680
Generation 1681
Generation 1682
Generation 1683
Generation 1684
Generation 1685
Generation 1686
Generation 1687
Generation 1688
Generation 1689
Generation 1690
Generation 1691
Generation 1692
Generation 1693
Generation 1694
Generation 1695
Generation 1696
Generation 1697
Generation 1698
Generation 1699
Generation 1700
Generation 1701
Generation 1702
Generation 1703
Generation 1704
Generation 1705
Generation 1706
Generation 1707
Generation 1708
Generation 1709
Generation 1710
Generation 1711
Generation 1712
Generation 1713
Generation 1714
Generation 1715
Generation 1716
Generation 1717
Generation 1718
Generation 1719
Generation 1720
Generation 1721
Generation 1722
Generation 1723
Generation 1724
Generation 1725
Generation 1726
Generation 1727
Generation 1728
Generation 1729
Generation 1730
Generation 1731
Generation 1732
Generation 1733
Generation 1734
Generation 1735
Generation 1736
Generation 1737
Generation 1738
Generation 1739
Generation 1740
Generation 1741
Generation 1742
Generation 1743
Generation 1744
Generation 1745
Generation 1746
Generation 1747
Generation 1748
Generation 1749
Generation 1750
Generation 1751
Generation 1752
Generation 1753
Generation 1754
Generation 1755
Generation 1756
Generation 1757
Generation 1758
Generation 1759
Generation 1760
Generation 1761
Generation 1762
Generation 1763
Generation 1764
Generation 1765
Generation 1766
Generation 1767
Generation 1768
Generation 1769
Generation 1770
Generation 1771
Generation 1772
Generation 1773
Generation 1774
Generation 1775
Generation 1776
Generation 1777
Generation 1778
Generation 1779
Generation 1780
Generation 1781
Generation 1782
Generation 1783
Generation 1784
Generation 1785
Generation 1786
Generation 1787
Generation 1788
Generation 1789
Generation 1790
Generation 1791
Generation 1792
Generation 1793
Generation 1794
Generation 1795
Generation 1796
Generation 1797
Generation 1798
Generation 1799
Generation 1800
Generation 1801
Generation 1802
Generation 1803
Generation 1804
Generation 1805
Generation 1806
Generation 1807
Generation 1808
Generation 1809
Generation 1810
Generation 1811
Generation 1812
Generation 1813
Generation 1814
Generation 1815
Generation 1816
Generation 1817
Generation 1818
Generation 1819
Generation 1820
Generation 1821
Generation 1822
Generation 1823
Generation 1824
Generation 1825
Generation 1826
Generation 1827
Generation 1828
Generation 1829
Generation 1830
Generation 1831
Generation 1832
Generation 1833
Generation 1834
Generation 1835
Generation 1836
Generation 1837
Generation 1838
Generation 1839
Generation 1840
Generation 1841
Generation 1842
Generation 1843
Generation 1844
Generation 1845
Generation 1846
Generation 1847
Generation 1848
Generation 1849
Generation 1850
Generation 1851
Generation 1852
Generation 1853
Generation 1854
Generation 1855
Generation 1856
Generation 1857
Generation 1858
Generation 1859
Generation 1860
Generation 1861
Generation 1862
Generation 1863
Generation 1864
Generation 1865
Generation 1866
Generation 1867
Generation 1868
Generation 1869
Generation 1870
Generation 1871
Generation 1872
Generation 1873
Generation 1874
Generation 1875
Generation 1876
Generation 1877
Generation 1878
Generation 1879
Generation 1880
Generation 1881
Generation 1882
Generation 1883
Generation 1884
Generation 1885
Generation 1886
Generation 1887
Generation 1888
Generation 1889
Generation 1890
Generation 1891
Generation 1892
Generation 1893
Generation 1894
Generation 1895
Generation 1896
Generation 1897
Generation 1898
Generation 1899
Generation 1900
Generation 1901
Generation 1902
Generation 1903
Generation 1904
Generation 1905
Generation 1906
Generation 1907
Generation 1908
Generation 1909
Generation 1910
Generation 1911
Generation 1912
Generation 1913
Generation 1914
Generation 1915
Generation 1916
Generation 1917
Generation 1918
Generation 1919
Generation 1920
Generation 1921
Generation 1922
Generation 1923
Generation 1924
Generation 1925
Generation 1926
Generation 1927
Generation 1928
Generation 1929
Generation 1930
Generation 1931
Generation 1932
Generation 1933
Generation 1934
Generation 1935
Generation 1936
Generation 1937
Generation 1938
Generation 1939
Generation 1940
Generation 1941
Generation 1942
Generation 1943
Generation 1944
Generation 1945
Generation 1946
Generation 1947
Generation 1948
Generation 1949
Generation 1950
Generation 1951
Generation 1952
Generation 1953
Generation 1954
Generation 1955
Generation 1956
Generation 1957
Generation 1958
Generation 1959
Generation 1960
Generation 1961
Generation 1962
Generation 1963
Generation 1964
Generation 1965
Generation 1966
Generation 1967
Generation 1968
Generation 1969
Generation 1970
Generation 1971
Generation 1972
Generation 1973
Generation 1974
Generation 1975
Generation 1976
Generation 1977
Generation 1978
Generation 1979
Generation 1980
Generation 1981
Generation 1982
Generation 1983
Generation 1984
Generation 1985
Generation 1986
Generation 1987
Generation 1988
Generation 1989
Generation 1990
Generation 1991
Generation 1992
Generation 1993
Generation 1994
Generation 1995
Generation 1996
Generation 1997
Generation 1998
Generation 1999
Generation 2000
Generation 2001
Generation 2002
Generation 2003
Generation 2004
Generation 2005
Generation 2006
Generation 2007
Generation 2008
Generation 2009
Generation 2010
Generation 2011
Generation 2012
Generation 2013
Generation 2014
Generation 2015
Generation 2016
Generation 2017
Generation 2018
Generation 2019
Generation 2020
Generation 2021
Generation 2022
Generation 2023
Generation 2024
Generation 2025
Generation 2026
Generation 2027
Generation 2028
Generation 2029
Generation 2030
Generation 2031
Generation 2032
Generation 2033
Generation 2034
Generation 2035
Generation 2036
Generation 2037
Generation 2038
Generation 2039
Generation 2040
Generation 2041
Generation 2042
Generation 2043
Generation 2044
Generation 2045
Generation 2046
Generation 2047
Generation 2048
Generation 2049
Generation 2050
Generation 2051
Generation 2052
Generation 2053
Generation 2054
Generation 2055
Generation 2056
Generation 2057
Generation 2058
Generation 2059
Generation 2060
Generation 2061
Generation 2062
Generation 2063
Generation 2064
Generation 2065
Generation 2066
Generation 2067
Generation 2068
Generation 2069
Generation 2070
Generation 2071
Generation 2072
Generation 2073
Generation 2074
Generation 2075
Generation 2076
Generation 2077
Generation 2078
Generation 2079
Generation 2080
Generation 2081
Generation 2082
Generation 2083
Generation 2084
Generation 2085
Generation 2086
Generation 2087
Generation 2088
Generation 2089
Generation 2090
Generation 2091
Generation 2092
Generation 2093
Generation 2094
Generation 2095
Generation 2096
Generation 2097
Generation 2098
Generation 2099
Generation 2100
Generation 2101
Generation 2102
Generation 2103
Generation 2104
Generation 2105
Generation 2106
Generation 2107
Generation 2108
Generation 2109
Generation 2110
Generation 2111
Generation 2112
Generation 2113
Generation 2114
Generation 2115
Generation 2116
Generation 2117
Generation 2118
Generation 2119
Generation 2120
Generation 2121
Generation 2122
Generation 2123
Generation 2124
Generation 2125
Generation 2126
Generation 2127
Generation 2128
Generation 2129
Generation 2130
Generation 2131
Generation 2132
Generation 2133
Generation 2134
Generation 2135
Generation 2136
Generation 2137
Generation 2138
Generation 2139
Generation 2140
Generation 2141
Generation 2142
Generation 2143
Generation 2144
Generation 2145
Generation 2146
Generation 2147
Generation 2148
Generation 2149
Generation 2150
Generation 2151
Generation 2152
Generation 2153
Generation 2154
Generation 2155
Generation 2156
Generation 2157
Generation 2158
Generation 2159
Generation 2160
Generation 2161
Generation 2162
Generation 2163
Generation 2164
Generation 2165
Generation 2166
Generation 2167
Generation 2168
Generation 2169
Generation 2170
Generation 2171
Generation 2172
Generation 2173
Generation 2174
Generation 2175
Generation 2176
Generation 2177
Generation 2178
Generation 2179
Generation 2180
Generation 2181
Generation 2182
Generation 2183
Generation 2184
Generation 2185
Generation 2186
Generation 2187
Generation 2188
Generation 2189
Generation 2190
Generation 2191
Generation 2192
Generation 2193
Generation 2194
Generation 2195
Generation 2196
Generation 2197
Generation 2198
Generation 2199
Generation 2200
Generation 2201
Generation 2202
Generation 2203
Generation 2204
Generation 2205
Generation 2206
Generation 2207
Generation 2208
Generation 2209
Generation 2210
Generation 2211
Generation 2212
Generation 2213
Generation 2214
Generation 2215
Generation 2216
Generation 2217
Generation 2218
Generation 2219
Generation 2220
Generation 2221
Generation 2222
Generation 2223
Generation 2224
Generation 2225
Generation 2226
Generation 2227
Generation 2228
Generation 2229
Generation 2230
Generation 2231
Generation 2232
Generation 2233
Generation 2234
Generation 2235
Generation 2236
Generation 2237
Generation 2238
Generation 2239
Generation 2240
Generation 2241
Generation 2242
Generation 2243
Generation 2244
Generation 2245
Generation 2246
Generation 2247
Generation 2248
Generation 2249
Generation 2250
Generation 2251
Generation 2252
Generation 2253
Generation 2254
Generation 2255
Generation 2256
Generation 2257
Generation 2258
Generation 2259
Generation 2260
Generation 2261
Generation 2262
Generation 2263
Generation 2264
Generation 2265
Generation 2266
Generation 2267
Generation 2268
Generation 2269
Generation 2270
Generation 2271
Generation 2272
Generation 2273
Generation 2274
Generation 2275
Generation 2276
Generation 2277
Generation 2278
Generation 2279
Generation 2280
Generation 2281
Generation 2282
Generation 2283
Generation 2284
Generation 2285
Generation 2286
Generation 2287
Generation 2288
Generation 2289
Generation 2290
Generation 2291
Generation 2292
Generation 2293
Generation 2294
Generation 2295
Generation 2296
Generation 2297
Generation 2298
Generation 2299
Generation 2300
Generation 2301
Generation 2302
Generation 2303
Generation 2304
Generation 2305
Generation 2306
Generation 2307
Generation 2308
Generation 2309
Generation 2310
Generation 2311
Generation 2312
Generation 2313
Generation 2314
Generation 2315
Generation 2316
Generation 2317
Generation 2318
Generation 2319
Generation 2320
Generation 2321
Generation 2322
Generation 2323
Generation 2324
Generation 2325
Generation 2326
Generation 2327
Generation 2328
Generation 2329
Generation 2330
Generation 2331
Generation 2332
Generation 2333
Generation 2334
Generation 2335
Generation 2336
Generation 2337
Generation 2338
Generation 2339
Generation 2340
Generation 2341
Generation 2342
Generation 2343
Generation 2344
Generation 2345
Generation 2346
Generation 2347
Generation 2348
Generation 2349
Generation 2350
Generation 2351
Generation 2352
Generation 2353
Generation 2354
Generation 2355
Generation 2356
Generation 2357
Generation 2358
Generation 2359
Generation 2360
Generation 2361
Generation 2362
Generation 2363
Generation 2364
Generation 2365
Generation 2366
Generation 2367
Generation 2368
Generation 2369
Generation 2370
Generation 2371
Generation 2372
Generation 2373
Generation 2374
Generation 2375
Generation 2376
Generation 2377
Generation 2378
Generation 2379
Generation 2380
Generation 2381
Generation 2382
Generation 2383
Generation 2384
Generation 2385
Generation 2386
Generation 2387
Generation 2388
Generation 2389
Generation 2390
Generation 2391
Generation 2392
Generation 2393
Generation 2394
Generation 2395
Generation 2396
Generation 2397
Generation 2398
Generation 2399
Generation 2400
Generation 2401
Generation 2402
Generation 2403
Generation 2404
Generation 2405
Generation 2406
Generation 2407
Generation 2408
Generation 2409
Generation 2410
Generation 2411
Generation 2412
Generation 2413
Generation 2414
Generation 2415
Generation 2416
Generation 2417
Generation 2418
Generation 2419
Generation 2420
Generation 2421
Generation 2422
Generation 2423
Generation 2424
Generation 2425
Generation 2426
Generation 2427
Generation 2428
Generation 2429
Generation 2430
Generation 2431
Generation 2432
Generation 2433
Generation 2434
Generation 2435
Generation 2436
Generation 2437
Generation 2438
Generation 2439
Generation 2440
Generation 2441
Generation 2442
Generation 2443
Generation 2444
Generation 2445
Generation 2446
Generation 2447
Generation 2448
Generation 2449
Generation 2450
Generation 2451
Generation 2452
Generation 2453
Generation 2454
Generation 2455
Generation 2456
Generation 2457
Generation 2458
Generation 2459
Generation 2460
Generation 2461
Generation 2462
Generation 2463
Generation 2464
Generation 2465
Generation 2466
Generation 2467
Generation 2468
Generation 2469
Generation 2470
Generation 2471
Generation 2472
Generation 2473
Generation 2474
Generation 2475
Generation 2476
Generation 2477
Generation 2478
Generation 2479
Generation 2480
Generation 2481
Generation 2482
Generation 2483
Generation 2484
Generation 2485
Generation 2486
Generation 2487
Generation 2488
Generation 2489
Generation 2490
Generation 2491
Generation 2492
Generation 2493
Generation 2494
Generation 2495
Generation 2496
Generation 2497
Generation 2498
Generation 2499
Generation 2500
Generation 2501
Generation 2502
Generation 2503
Generation 2504
Generation 2505
Generation 2506
Generation 2507
Generation 2508
Generation 2509
Generation 2510
Generation 2511
Generation 2512
Generation 2513
Generation 2514
Generation 2515
Generation 2516
Generation 2517
Generation 2518
Generation 2519
Generation 2520
Generation 2521
Generation 2522
Generation 2523
Generation 2524
Generation 2525
Generation 2526
Generation 2527
Generation 2528
Generation 2529
Generation 2530
Generation 2531
Generation 2532
Generation 2533
Generation 2534
Generation 2535
Generation 2536
Generation 2537
Generation 2538
Generation 2539
Generation 2540
Generation 2541
Generation 2542
Generation 2543
Generation 2544
Generation 2545
Generation 2546
Generation 2547
Generation 2548
Generation 2549
Generation 2550
Generation 2551
Generation 2552
Generation 2553
Generation 2554
Generation 2555
Generation 2556
Generation 2557
Generation 2558
Generation 2559
Generation 2560
Generation 2561
Generation 2562
Generation 2563
Generation 2564
Generation 2565
Generation 2566
Generation 2567
Generation 2568
Generation 2569
Generation 2570
Generation 2571
Generation 2572
Generation 2573
Generation 2574
Generation 2575
Generation 2576
Generation 2577
Generation 2578
Generation 2579
Generation 2580
Generation 2581
Generation 2582
Generation 2583
Generation 2584
Generation 2585
Generation 2586
Generation 2587
Generation 2588
Generation 2589
Generation 2590
Generation 2591
Generation 2592
Generation 2593
Generation 2594
Generation 2595
Generation 2596
Generation 2597
Generation 2598
Generation 2599
Generation 2600
Generation 2601
Generation 2602
Generation 2603
Generation 2604
Generation 2605
Generation 2606
Generation 2607
Generation 2608
Generation 2609
Generation 2610
Generation 2611
Generation 2612
Generation 2613
Generation 2614
Generation 2615
Generation 2616
Generation 2617
Generation 2618
Generation 2619
Generation 2620
Generation 2621
Generation 2622
Generation 2623
Generation 2624
Generation 2625
Generation 2626
Generation 2627
Generation 2628
Generation 2629
Generation 2630
Generation 2631
Generation 2632
Generation 2633
Generation 2634
Generation 2635
Generation 2636
Generation 2637
Generation 2638
Generation 2639
Generation 2640
Generation 2641
Generation 2642
Generation 2643
Generation 2644
Generation 2645
Generation 2646
Generation 2647
Generation 2648
Generation 2649
Generation 2650
Generation 2651
Generation 2652
Generation 2653
Generation 2654
Generation 2655
Generation 2656
Generation 2657
Generation 2658
Generation 2659
Generation 2660
Generation 2661
Generation 2662
Generation 2663
Generation 2664
Generation 2665
Generation 2666
Generation 2667
Generation 2668
Generation 2669
Generation 2670
Generation 2671
Generation 2672
Generation 2673
Generation 2674
Generation 2675
Generation 2676
Generation 2677
Generation 2678
Generation 2679
Generation 2680
Generation 2681
Generation 2682
Generation 2683
Generation 2684
Generation 2685
Generation 2686
Generation 2687
Generation 2688
Generation 2689
Generation 2690
Generation 2691
Generation 2692
Generation 2693
Generation 2694
Generation 2695
Generation 2696
Generation 2697
Generation 2698
Generation 2699
Generation 2700
Generation 2701
Generation 2702
Generation 2703
Generation 2704
Generation 2705
Generation 2706
Generation 2707
Generation 2708
Generation 2709
Generation 2710
Generation 2711
Generation 2712
Generation 2713
Generation 2714
Generation 2715
Generation 2716
Generation 2717
Generation 2718
Generation 2719
Generation 2720
Generation 2721
Generation 2722
Generation 2723
Generation 2724
Generation 2725
Generation 2726
Generation 2727
Generation 2728
Generation 2729
Generation 2730
Generation 2731
Generation 2732
Generation 2733
Generation 2734
Generation 2735
Generation 2736
Generation 2737
Generation 2738
Generation 2739
Generation 2740
Generation 2741
Generation 2742
Generation 2743
Generation 2744
Generation 2745
Generation 2746
Generation 2747
Generation 2748
Generation 2749
Generation 2750
Generation 2751
Generation 2752
Generation 2753
Generation 2754
Generation 2755
Generation 2756
Generation 2757
Generation 2758
Generation 2759
Generation 2760
Generation 2761
Generation 2762
Generation 2763
Generation 2764
Generation 2765
Generation 2766
Generation 2767
Generation 2768
Generation 2769
Generation 2770
Generation 2771
Generation 2772
Generation 2773
Generation 2774
Generation 2775
Generation 2776
Generation 2777
Generation 2778
Generation 2779
Generation 2780
Generation 2781
Generation 2782
Generation 2783
Generation 2784
Generation 2785
Generation 2786
Generation 2787
Generation 2788
Generation 2789
Generation 2790
Generation 2791
Generation 2792
Generation 2793
Generation 2794
Generation 2795
Generation 2796
Generation 2797
Generation 2798
Generation 2799
Generation 2800
Generation 2801
Generation 2802
Generation 2803
Generation 2804
Generation 2805
Generation 2806
Generation 2807
Generation 2808
Generation 2809
Generation 2810
Generation 2811
Generation 2812
Generation 2813
Generation 2814
Generation 2815
Generation 2816
Generation 2817
Generation 2818
Generation 2819
Generation 2820
Generation 2821
Generation 2822
Generation 2823
Generation 2824
Generation 2825
Generation 2826
Generation 2827
Generation 2828
Generation 2829
Generation 2830
Generation 2831
Generation 2832
Generation 2833
Generation 2834
Generation 2835
Generation 2836
Generation 2837
Generation 2838
Generation 2839
Generation 2840
Generation 2841
Generation 2842
Generation 2843
Generation 2844
Generation 2845
Generation 2846
Generation 2847
Generation 2848
Generation 2849
Generation 2850
Generation 2851
Generation 2852
Generation 2853
Generation 2854
Generation 2855
Generation 2856
Generation 2857
Generation 2858
Generation 2859
Generation 2860
Generation 2861
Generation 2862
Generation 2863
Generation 2864
Generation 2865
Generation 2866
Generation 2867
Generation 2868
Generation 2869
Generation 2870
Generation 2871
Generation 2872
Generation 2873
Generation 2874
Generation 2875
Generation 2876
Generation 2877
Generation 2878
Generation 2879
Generation 2880
Generation 2881
Generation 2882
Generation 2883
Generation 2884
Generation 2885
Generation 2886
Generation 2887
Generation 2888
Generation 2889
Generation 2890
Generation 2891
Generation 2892
Generation 2893
Generation 2894
Generation 2895
Generation 2896
Generation 2897
Generation 2898
Generation 2899
Generation 2900
Generation 2901
Generation 2902
Generation 2903
Generation 2904
Generation 2905
Generation 2906
Generation 2907
Generation 2908
Generation 2909
Generation 2910
Generation 2911
Generation 2912
Generation 2913
Generation 2914
Generation 2915
Generation 2916
Generation 2917
Generation 2918
Generation 2919
Generation 2920
Generation 2921
Generation 2922
Generation 2923
Generation 2924
Generation 2925
Generation 2926
Generation 2927
Generation 2928
Generation 2929
Generation 2930
Generation 2931
Generation 2932
Generation 2933
Generation 2934
Generation 2935
Generation 2936
Generation 2937
Generation 2938
Generation 2939
Generation 2940
Generation 2941
Generation 2942
Generation 2943
Generation 2944
Generation 2945
Generation 2946
Generation 2947
Generation 2948
Generation 2949
Generation 2950
Generation 2951
Generation 2952
Generation 2953
Generation 2954
Generation 2955
Generation 2956
Generation 2957
Generation 2958
Generation 2959
Generation 2960
Generation 2961
Generation 2962
Generation 2963
Generation 2964
Generation 2965
Generation 2966
Generation 2967
Generation 2968
Generation 2969
Generation 2970
Generation 2971
Generation 2972
Generation 2973
Generation 2974
Generation 2975
Generation 2976
Generation 2977
Generation 2978
Generation 2979
Generation 2980
Generation 2981
Generation 2982
Generation 2983
Generation 2984
Generation 2985
Generation 2986
Generation 2987
Generation 2988
Generation 2989
Generation 2990
Generation 2991
Generation 2992
Generation 2993
Generation 2994
Generation 2995
Generation 2996
Generation 2997
Generation 2998
Generation 2999
Generation 3000
Generation 3001
Trainging took 47.307330493 seconds
Test Set Evaluation:
	Statistics for class N
		 Accuracy: 0.6300940438871473
		 Precision: 0.6509695290858726
		 Recall: 0.6811594202898551
	Statistics for class EI
		 Accuracy: 0.7899686520376176
		 Precision: 0.5384615384615384
		 Recall: 0.5753424657534246
	Statistics for class IE
		 Accuracy: 0.6739811912225705
		 Precision: 0.24793388429752067
		 Recall: 0.20408163265306123
Train Set Evaluation:
	Statistics for class N
		 Accuracy: 0.6261755485893417
		 Precision: 0.6227586206896552
		 Recall: 0.6893129770992367
	Statistics for class EI
		 Accuracy: 0.7872257053291536
		 Precision: 0.5605590062111802
		 Recall: 0.5813204508856683
	Statistics for class IE
		 Accuracy: 0.6822100313479624
		 Precision: 0.2925764192139738
		 Recall: 0.21578099838969403
